[0308/011353.802:INFO:CONSOLE(0)] "Error with Permissions-Policy header: Feature xr-spatial-tracking's parameters are ignored.", source:  (0)
[0308/011353.803:INFO:CONSOLE(0)] "Error with Permissions-Policy header: Origin trial controlled feature not enabled: 'attribution-reporting'.", source:  (0)
[0308/011353.803:INFO:CONSOLE(0)] "Error with Permissions-Policy header: Unrecognized feature: 'compute-pressure'.", source:  (0)
[0308/011353.803:INFO:CONSOLE(0)] "Error with Permissions-Policy header: Origin trial controlled feature not enabled: 'interest-cohort'.", source:  (0)
[0308/011353.803:INFO:CONSOLE(0)] "Error with Permissions-Policy header: Unrecognized feature: 'private-state-token-issuance'.", source:  (0)
[0308/011353.807:INFO:CONSOLE(0)] "Error with Permissions-Policy header: Origin trial controlled feature not enabled: 'shared-storage'.", source:  (0)
[0308/011353.807:INFO:CONSOLE(0)] "Error with Permissions-Policy header: Unrecognized feature: 'shared-storage-select-url'.", source:  (0)
[0308/011353.807:INFO:CONSOLE(0)] "Error with Permissions-Policy header: Unrecognized feature: 'private-state-token-redemption'.", source:  (0)
[0308/011353.808:INFO:CONSOLE(0)] "Error with Permissions-Policy header: Unrecognized feature: 'unload'.", source:  (0)
[0308/011353.808:INFO:CONSOLE(0)] "Error with Permissions-Policy header: Unrecognized feature: 'window-management'.", source:  (0)
[0308/011400.447:INFO:CONSOLE(158)] "Event handler of 'x-storagemutated-1' event must be added on the initial evaluation of worker script.", source: https://static.whatsapp.net/rsrc.php/v4/ym/r/kozaZJoCop8.js (158)
[0308/011644.285:INFO:CONSOLE(4)] "Uncaught (in promise) Error: window is not defined", source: https://web.whatsapp.com/ (4)
[0308/011646.599:INFO:CONSOLE(158)] "Event handler of 'x-storagemutated-1' event must be added on the initial evaluation of worker script.", source: https://static.whatsapp.net/rsrc.php/v4/ym/r/kozaZJoCop8.js (158)
[0308/011734.589:INFO:CONSOLE(158)] "Event handler of 'x-storagemutated-1' event must be added on the initial evaluation of worker script.", source: https://static.whatsapp.net/rsrc.php/v4/ym/r/kozaZJoCop8.js (158)
[0308/012015.212:INFO:CONSOLE(4)] "Uncaught (in promise) Error: window is not defined", source: https://web.whatsapp.com/ (4)
[0308/012105.578:INFO:CONSOLE(158)] "Event handler of 'x-storagemutated-1' event must be added on the initial evaluation of worker script.", source: https://static.whatsapp.net/rsrc.php/v4/ym/r/kozaZJoCop8.js (158)
[0308/012346.178:INFO:CONSOLE(4)] "Uncaught (in promise) Error: window is not defined", source: https://web.whatsapp.com/ (4)
[0308/012436.592:INFO:CONSOLE(158)] "Event handler of 'x-storagemutated-1' event must be added on the initial evaluation of worker script.", source: https://static.whatsapp.net/rsrc.php/v4/ym/r/kozaZJoCop8.js (158)
[0308/012717.252:INFO:CONSOLE(4)] "Uncaught (in promise) Error: window is not defined", source: https://web.whatsapp.com/ (4)
[0308/012807.643:INFO:CONSOLE(158)] "Event handler of 'x-storagemutated-1' event must be added on the initial evaluation of worker script.", source: https://static.whatsapp.net/rsrc.php/v4/ym/r/kozaZJoCop8.js (158)
[0308/013048.069:INFO:CONSOLE(4)] "Uncaught (in promise) Error: window is not defined", source: https://web.whatsapp.com/ (4)
